\BOOKMARK [1][-]{section.1}{\376\377\000\332\000v\000o\000d\000\040\000a\000\040\000m\000o\000t\000i\000v\000a\000c\000e}{}% 1
\BOOKMARK [1][-]{section.2}{\376\377\000C\000\355\000l\000\040\000p\000r\000\341\000c\000e\000\040\000a\000\040\000v\000\375\000z\000k\000u\000m\000n\000\351\000\040\000o\000t\000\341\000z\000k\000y}{}% 2
\BOOKMARK [2][-]{subsection.2.1}{\376\377\000H\000l\000a\000v\000n\000\355\000\040\000c\000\355\000l\000e}{section.2}% 3
\BOOKMARK [2][-]{subsection.2.2}{\376\377\000V\000\375\000z\000k\000u\000m\000n\000\351\000\040\000o\000t\000\341\000z\000k\000y}{section.2}% 4
\BOOKMARK [1][-]{section.3}{\376\377\000D\000a\000t\000a\000s\000e\000t}{}% 5
\BOOKMARK [2][-]{subsection.3.1}{\376\377\000Z\000d\000r\000o\000j\000\040\000a\000\040\000s\000t\000r\000u\000k\000t\000u\000r\000a\000\040\000d\000a\000t}{section.3}% 6
\BOOKMARK [2][-]{subsection.3.2}{\376\377\000K\000v\000a\000l\000i\000t\000a\000\040\000d\000a\000t\000\040\000a\000\040\000p\000r\000a\000k\000t\000i\000c\000k\000\341\000\040\000o\000m\000e\000z\000e\000n\000\355}{section.3}% 7
\BOOKMARK [2][-]{subsection.3.3}{\376\377\000R\000o\000z\000d\001\033\000l\000e\000n\000\355\000\040\000s\000k\000\363\000r\000e\000\040\000r\000e\000c\000e\000n\000z\000\355}{section.3}% 8
\BOOKMARK [2][-]{subsection.3.4}{\376\377\000P\000r\000a\000c\000o\000v\000n\000\355\000\040\000r\000e\001\176\000i\000m}{section.3}% 9
\BOOKMARK [1][-]{section.4}{\376\377\000D\000a\000t\000a\000\040\000p\000r\000e\000p\000r\000o\000c\000e\000s\000s\000i\000n\000g}{}% 10
\BOOKMARK [2][-]{subsection.4.1}{\376\377\000T\000v\000o\000r\000b\000a\000\040\000t\000e\000x\000t\000o\000v\000\375\000c\000h\000\040\000a\000t\000r\000i\000b\000u\000t\001\157}{section.4}% 11
\BOOKMARK [2][-]{subsection.4.2}{\376\377\001\014\000i\000s\000t\000i\000c\000\355\000\040\000p\000i\000p\000e\000l\000i\000n\000e}{section.4}% 12
\BOOKMARK [2][-]{subsection.4.3}{\376\377\000R\000e\000p\000r\000e\000z\000e\000n\000t\000a\000c\000e\000\040\000t\000e\000x\000t\000u\000\040\000a\000\040\000l\000a\000b\000e\000l\000y}{section.4}% 13
\BOOKMARK [1][-]{section.5}{\376\377\000S\000e\000n\000t\000i\000m\000e\000n\000t\000\040\000c\000l\000a\000s\000s\000i\000f\000i\000c\000a\000t\000i\000o\000n}{}% 14
\BOOKMARK [2][-]{subsection.5.1}{\376\377\000P\000o\000u\001\176\000i\000t\000\351\000\040\000m\000o\000d\000e\000l\000y\000\040\000a\000\040\000e\000v\000a\000l\000u\000a\001\015\000n\000\355\000\040\000n\000a\000s\000t\000a\000v\000e\000n\000\355}{section.5}% 15
\BOOKMARK [2][-]{subsection.5.2}{\376\377\000B\000a\000s\000e\000l\000i\000n\000e\000\040\000v\000\375\000s\000l\000e\000d\000k\000y\000\040\000b\000e\000z\000\040\000f\000e\000a\000t\000u\000r\000e\000\040\000s\000e\000l\000e\000c\000t\000i\000o\000n}{section.5}% 16
\BOOKMARK [2][-]{subsection.5.3}{\376\377\000I\000n\000t\000e\000r\000p\000r\000e\000t\000a\000c\000e\000\040\000n\000e\000j\000l\000e\000p\001\141\000\355\000\040\000b\000a\000s\000e\000l\000i\000n\000e}{section.5}% 17
\BOOKMARK [1][-]{section.6}{\376\377\000F\000e\000a\000t\000u\000r\000e\000\040\000s\000e\000l\000e\000c\000t\000i\000o\000n}{}% 18
\BOOKMARK [2][-]{subsection.6.1}{\376\377\000M\000e\000t\000o\000d\000a\000\040\000a\000\040\000e\000x\000p\000e\000r\000i\000m\000e\000n\000t\000\341\000l\000n\000\355\000\040\000n\000a\000s\000t\000a\000v\000e\000n\000\355}{section.6}% 19
\BOOKMARK [2][-]{subsection.6.2}{\376\377\000P\000o\000r\000o\000v\000n\000\341\000n\000\355\000\040\000k\000o\000n\000f\000i\000g\000u\000r\000a\000c\000\355}{section.6}% 20
\BOOKMARK [2][-]{subsection.6.3}{\376\377\000N\000e\000j\000d\001\157\000l\000e\001\176\000i\000t\001\033\000j\001\141\000\355\000\040\000t\000e\000r\000m\000y\000\040\000p\000r\000o\000\040\000s\000e\000n\000t\000i\000m\000e\000n\000t}{section.6}% 21
\BOOKMARK [1][-]{section.7}{\376\377\000C\000l\000u\000s\000t\000e\000r\000i\000n\000g\000\040\000n\000e\000g\000a\000t\000i\000v\000n\000\355\000c\000h\000\040\000r\000e\000c\000e\000n\000z\000\355}{}% 22
\BOOKMARK [2][-]{subsection.7.1}{\376\377\000V\000s\000t\000u\000p\000n\000\355\000\040\000d\000a\000t\000a\000\040\000a\000\040\000m\000e\000t\000o\000d\000a}{section.7}% 23
\BOOKMARK [2][-]{subsection.7.2}{\376\377\000V\000o\000l\000b\000a\000\040\000p\000o\001\015\000t\000u\000\040\000c\000l\000u\000s\000t\000e\000r\001\157}{section.7}% 24
\BOOKMARK [2][-]{subsection.7.3}{\376\377\000I\000n\000t\000e\000r\000p\000r\000e\000t\000a\000c\000e\000\040\000f\000i\000n\000\341\000l\000n\000\355\000c\000h\000\040\000c\000l\000u\000s\000t\000e\000r\001\157}{section.7}% 25
\BOOKMARK [2][-]{subsection.7.4}{\376\377\000S\000l\000a\000b\000\351\000\040\000s\000t\000r\000\341\000n\000k\000y\000\040\000c\000l\000u\000s\000t\000e\000r\000i\000n\000g\000u}{section.7}% 26
\BOOKMARK [1][-]{section.8}{\376\377\000I\000n\000f\000o\000r\000m\000a\000t\000i\000o\000n\000\040\000r\000e\000t\000r\000i\000e\000v\000a\000l}{}% 27
\BOOKMARK [2][-]{subsection.8.1}{\376\377\000N\000\341\000v\000r\000h\000\040\000r\000e\000t\000r\000i\000e\000v\000a\000l\000\040\000m\000o\000d\000u\000l\000u}{section.8}% 28
\BOOKMARK [2][-]{subsection.8.2}{\376\377\000U\000k\000\341\000z\000k\000o\000v\000\351\000\040\000d\000o\000t\000a\000z\000y}{section.8}% 29
\BOOKMARK [2][-]{subsection.8.3}{\376\377\000K\000v\000a\000l\000i\000t\000a\000t\000i\000v\000n\000\355\000\040\000z\000h\000o\000d\000n\000o\000c\000e\000n\000\355\000\040\000r\000e\000l\000e\000v\000a\000n\000c\000e}{section.8}% 30
\BOOKMARK [1][-]{section.9}{\376\377\000D\000i\000s\000k\000u\000s\000e}{}% 31
\BOOKMARK [2][-]{subsection.9.1}{\376\377\000C\000o\000\040\000f\000u\000n\000g\000o\000v\000a\000l\000o\000\040\000n\000e\000j\000l\000\351\000p\000e}{section.9}% 32
\BOOKMARK [2][-]{subsection.9.2}{\376\377\000C\000o\000\040\000b\000y\000l\000o\000\040\000p\000r\000o\000b\000l\000e\000m\000a\000t\000i\000c\000k\000\351}{section.9}% 33
\BOOKMARK [2][-]{subsection.9.3}{\376\377\000L\000i\000m\000i\000t\000y\000\040\000p\000r\000\341\000c\000e}{section.9}% 34
\BOOKMARK [2][-]{subsection.9.4}{\376\377\000F\000u\000t\000u\000r\000e\000\040\000w\000o\000r\000k}{section.9}% 35
\BOOKMARK [1][-]{section.10}{\376\377\000Z\000\341\000v\001\033\000r}{}% 36
\BOOKMARK [1][-]{section.11}{\376\377\000P\000o\000u\001\176\000i\000t\000\341\000\040\000l\000i\000t\000e\000r\000a\000t\000u\000r\000a}{}% 37
